c:\users\czy\desktop\code-mailsender\code-mailsender\mailsender\release\mailsender.pch
c:\users\czy\desktop\code-mailsender\code-mailsender\mailsender\release\vc140.pdb
c:\users\czy\desktop\code-mailsender\code-mailsender\mailsender\release\stdafx.obj
c:\users\czy\desktop\code-mailsender\code-mailsender\mailsender\release\netadapterinfo.obj
c:\users\czy\desktop\code-mailsender\code-mailsender\mailsender\release\md5.obj
c:\users\czy\desktop\code-mailsender\code-mailsender\mailsender\release\mailsenderdlg.obj
c:\users\czy\desktop\code-mailsender\code-mailsender\mailsender\release\mailsender.obj
c:\users\czy\desktop\code-mailsender\code-mailsender\mailsender\release\csmtp.obj
c:\users\czy\desktop\code-mailsender\code-mailsender\release\mailsender.exe
c:\users\czy\desktop\code-mailsender\code-mailsender\release\mailsender.ipdb
c:\users\czy\desktop\code-mailsender\code-mailsender\release\mailsender.iobj
c:\users\czy\desktop\code-mailsender\code-mailsender\release\mailsender.pdb
c:\users\czy\desktop\code-mailsender\code-mailsender\mailsender\release\mailsender.res
c:\users\czy\desktop\code-mailsender\code-mailsender\mailsender\release\msado15.tli
c:\users\czy\desktop\code-mailsender\code-mailsender\mailsender\release\msado15.tlh
c:\users\czy\desktop\code-mailsender\code-mailsender\mailsender\release\mailsender.tlog\cl.command.1.tlog
c:\users\czy\desktop\code-mailsender\code-mailsender\mailsender\release\mailsender.tlog\cl.read.1.tlog
c:\users\czy\desktop\code-mailsender\code-mailsender\mailsender\release\mailsender.tlog\cl.write.1.tlog
c:\users\czy\desktop\code-mailsender\code-mailsender\mailsender\release\mailsender.tlog\link.command.1.tlog
c:\users\czy\desktop\code-mailsender\code-mailsender\mailsender\release\mailsender.tlog\link.read.1.tlog
c:\users\czy\desktop\code-mailsender\code-mailsender\mailsender\release\mailsender.tlog\link.write.1.tlog
c:\users\czy\desktop\code-mailsender\code-mailsender\mailsender\release\mailsender.tlog\rc.command.1.tlog
c:\users\czy\desktop\code-mailsender\code-mailsender\mailsender\release\mailsender.tlog\rc.read.1.tlog
c:\users\czy\desktop\code-mailsender\code-mailsender\mailsender\release\mailsender.tlog\rc.write.1.tlog
